<?xml version="1.0" encoding="UTF-8"?>
<!-- Generated by org.testng.reporters.JUnitXMLReporter -->
<testsuite ignored="3" hostname="DESKTOP-Q0IUJ76" failures="0" tests="1" name="Default test" time="170.877" errors="0" timestamp="2024-02-27T20:46:08 IST">
  <testcase classname="test.NurseryliveTest" name="test3" time="29.378"/>
  <testcase classname="test.NurseryliveTest" name="test" time="0.0">
    <ignored/>
  </testcase> <!-- test -->
  <testcase classname="test.NurseryliveTest" name="test2" time="0.0">
    <ignored/>
  </testcase> <!-- test2 -->
  <testcase classname="test.NurseryliveTest" name="test1" time="0.0">
    <ignored/>
  </testcase> <!-- test1 -->
</testsuite> <!-- Default test -->
